2025-10-17 10:25:17,397 | INFO | Using device: cuda
2025-10-17 10:25:18,059 | INFO | Model built, start training...
2025-10-17 10:25:29,011 | INFO | Epoch 01 | Train Loss: 0.1339
2025-10-17 10:25:30,398 | INFO | Epoch 01 | Val Loss: 0.0957 | Val IoU: 0.3820 (34/89)
2025-10-17 10:25:30,407 | INFO | New best IoU: 0.3820 -> saved to ./checkpoints/20251017/best_iou_0.3820.pth
2025-10-17 10:25:30,407 | INFO | Epoch 01 finished in 12.3s

2025-10-17 10:25:40,997 | INFO | Epoch 02 | Train Loss: 0.1009
2025-10-17 10:25:42,377 | INFO | Epoch 02 | Val Loss: 0.0976 | Val IoU: 0.4045 (36/89)
2025-10-17 10:25:42,386 | INFO | New best IoU: 0.4045 -> saved to ./checkpoints/20251017/best_iou_0.4045.pth
2025-10-17 10:25:42,386 | INFO | Epoch 02 finished in 12.0s

2025-10-17 10:25:53,041 | INFO | Epoch 03 | Train Loss: 0.0899
2025-10-17 10:25:54,448 | INFO | Epoch 03 | Val Loss: 0.0852 | Val IoU: 0.4719 (42/89)
2025-10-17 10:25:54,456 | INFO | New best IoU: 0.4719 -> saved to ./checkpoints/20251017/best_iou_0.4719.pth
2025-10-17 10:25:54,456 | INFO | Epoch 03 finished in 12.1s

2025-10-17 10:26:05,036 | INFO | Epoch 04 | Train Loss: 0.0866
2025-10-17 10:26:06,451 | INFO | Epoch 04 | Val Loss: 0.0881 | Val IoU: 0.4494 (40/89)
2025-10-17 10:26:06,451 | INFO | IoU未提升（当前:0.4494 最佳:0.4719），模型不保存
2025-10-17 10:26:06,451 | INFO | Epoch 04 finished in 12.0s

2025-10-17 10:26:17,007 | INFO | Epoch 05 | Train Loss: 0.0882
2025-10-17 10:26:18,422 | INFO | Epoch 05 | Val Loss: 0.0895 | Val IoU: 0.3933 (35/89)
2025-10-17 10:26:18,422 | INFO | IoU未提升（当前:0.3933 最佳:0.4719），模型不保存
2025-10-17 10:26:18,422 | INFO | Epoch 05 finished in 12.0s

2025-10-17 10:26:29,114 | INFO | Epoch 06 | Train Loss: 0.0869
2025-10-17 10:26:30,503 | INFO | Epoch 06 | Val Loss: 0.0885 | Val IoU: 0.4944 (44/89)
2025-10-17 10:26:30,512 | INFO | New best IoU: 0.4944 -> saved to ./checkpoints/20251017/best_iou_0.4944.pth
2025-10-17 10:26:30,512 | INFO | Epoch 06 finished in 12.1s

2025-10-17 10:26:41,164 | INFO | Epoch 07 | Train Loss: 0.0876
2025-10-17 10:26:42,613 | INFO | Epoch 07 | Val Loss: 0.0771 | Val IoU: 0.5843 (52/89)
2025-10-17 10:26:42,621 | INFO | New best IoU: 0.5843 -> saved to ./checkpoints/20251017/best_iou_0.5843.pth
2025-10-17 10:26:42,622 | INFO | Epoch 07 finished in 12.1s

2025-10-17 10:26:53,168 | INFO | Epoch 08 | Train Loss: 0.0839
2025-10-17 10:26:54,595 | INFO | Epoch 08 | Val Loss: 0.0815 | Val IoU: 0.5843 (52/89)
2025-10-17 10:26:54,595 | INFO | IoU未提升（当前:0.5843 最佳:0.5843），模型不保存
2025-10-17 10:26:54,595 | INFO | Epoch 08 finished in 12.0s

2025-10-17 10:27:05,332 | INFO | Epoch 09 | Train Loss: 0.0840
2025-10-17 10:27:06,787 | INFO | Epoch 09 | Val Loss: 0.0888 | Val IoU: 0.7079 (63/89)
2025-10-17 10:27:06,796 | INFO | New best IoU: 0.7079 -> saved to ./checkpoints/20251017/best_iou_0.7079.pth
2025-10-17 10:27:06,796 | INFO | Epoch 09 finished in 12.2s

2025-10-17 10:27:17,389 | INFO | Epoch 10 | Train Loss: 0.0834
2025-10-17 10:27:18,856 | INFO | Epoch 10 | Val Loss: 0.0803 | Val IoU: 0.7303 (65/89)
2025-10-17 10:27:18,865 | INFO | New best IoU: 0.7303 -> saved to ./checkpoints/20251017/best_iou_0.7303.pth
2025-10-17 10:27:18,865 | INFO | Epoch 10 finished in 12.1s

2025-10-17 10:27:29,489 | INFO | Epoch 11 | Train Loss: 0.0825
2025-10-17 10:27:30,939 | INFO | Epoch 11 | Val Loss: 0.0790 | Val IoU: 0.7978 (71/89)
2025-10-17 10:27:30,948 | INFO | New best IoU: 0.7978 -> saved to ./checkpoints/20251017/best_iou_0.7978.pth
2025-10-17 10:27:30,948 | INFO | Epoch 11 finished in 12.1s

2025-10-17 10:27:41,480 | INFO | Epoch 12 | Train Loss: 0.0811
2025-10-17 10:27:42,935 | INFO | Epoch 12 | Val Loss: 0.0734 | Val IoU: 0.7191 (64/89)
2025-10-17 10:27:42,935 | INFO | IoU未提升（当前:0.7191 最佳:0.7978），模型不保存
2025-10-17 10:27:42,935 | INFO | Epoch 12 finished in 12.0s

2025-10-17 10:27:53,695 | INFO | Epoch 13 | Train Loss: 0.0845
2025-10-17 10:27:55,133 | INFO | Epoch 13 | Val Loss: 0.0751 | Val IoU: 0.7865 (70/89)
2025-10-17 10:27:55,133 | INFO | IoU未提升（当前:0.7865 最佳:0.7978），模型不保存
2025-10-17 10:27:55,133 | INFO | Epoch 13 finished in 12.2s

2025-10-17 10:28:05,802 | INFO | Epoch 14 | Train Loss: 0.0802
2025-10-17 10:28:07,272 | INFO | Epoch 14 | Val Loss: 0.0720 | Val IoU: 0.8427 (75/89)
2025-10-17 10:28:07,281 | INFO | New best IoU: 0.8427 -> saved to ./checkpoints/20251017/best_iou_0.8427.pth
2025-10-17 10:28:07,281 | INFO | Epoch 14 finished in 12.1s

2025-10-17 10:28:17,895 | INFO | Epoch 15 | Train Loss: 0.0750
2025-10-17 10:28:19,358 | INFO | Epoch 15 | Val Loss: 0.0823 | Val IoU: 0.7079 (63/89)
2025-10-17 10:28:19,358 | INFO | IoU未提升（当前:0.7079 最佳:0.8427），模型不保存
2025-10-17 10:28:19,358 | INFO | Epoch 15 finished in 12.1s

2025-10-17 10:28:29,879 | INFO | Epoch 16 | Train Loss: 0.0769
2025-10-17 10:28:31,347 | INFO | Epoch 16 | Val Loss: 0.0759 | Val IoU: 0.7528 (67/89)
2025-10-17 10:28:31,347 | INFO | IoU未提升（当前:0.7528 最佳:0.8427），模型不保存
2025-10-17 10:28:31,347 | INFO | Epoch 16 finished in 12.0s

2025-10-17 10:28:41,897 | INFO | Epoch 17 | Train Loss: 0.0769
2025-10-17 10:28:43,323 | INFO | Epoch 17 | Val Loss: 0.0810 | Val IoU: 0.8764 (78/89)
2025-10-17 10:28:43,332 | INFO | New best IoU: 0.8764 -> saved to ./checkpoints/20251017/best_iou_0.8764.pth
2025-10-17 10:28:43,332 | INFO | Epoch 17 finished in 12.0s

2025-10-17 10:28:53,878 | INFO | Epoch 18 | Train Loss: 0.0754
2025-10-17 10:28:55,344 | INFO | Epoch 18 | Val Loss: 0.0674 | Val IoU: 0.8876 (79/89)
2025-10-17 10:28:55,353 | INFO | New best IoU: 0.8876 -> saved to ./checkpoints/20251017/best_iou_0.8876.pth
2025-10-17 10:28:55,353 | INFO | Epoch 18 finished in 12.0s

2025-10-17 10:29:06,131 | INFO | Epoch 19 | Train Loss: 0.0747
2025-10-17 10:29:07,719 | INFO | Epoch 19 | Val Loss: 0.0695 | Val IoU: 0.8652 (77/89)
2025-10-17 10:29:07,719 | INFO | IoU未提升（当前:0.8652 最佳:0.8876），模型不保存
2025-10-17 10:29:07,719 | INFO | Epoch 19 finished in 12.4s

2025-10-17 10:29:18,322 | INFO | Epoch 20 | Train Loss: 0.0724
2025-10-17 10:29:19,916 | INFO | Epoch 20 | Val Loss: 0.0711 | Val IoU: 0.9326 (83/89)
2025-10-17 10:29:19,924 | INFO | New best IoU: 0.9326 -> saved to ./checkpoints/20251017/best_iou_0.9326.pth
2025-10-17 10:29:19,925 | INFO | Epoch 20 finished in 12.2s

2025-10-17 10:29:30,453 | INFO | Epoch 21 | Train Loss: 0.0739
2025-10-17 10:29:31,956 | INFO | Epoch 21 | Val Loss: 0.0793 | Val IoU: 0.8652 (77/89)
2025-10-17 10:29:31,956 | INFO | IoU未提升（当前:0.8652 最佳:0.9326），模型不保存
2025-10-17 10:29:31,956 | INFO | Epoch 21 finished in 12.0s

2025-10-17 10:29:42,452 | INFO | Epoch 22 | Train Loss: 0.0738
2025-10-17 10:29:43,858 | INFO | Epoch 22 | Val Loss: 0.0696 | Val IoU: 0.7978 (71/89)
2025-10-17 10:29:43,859 | INFO | IoU未提升（当前:0.7978 最佳:0.9326），模型不保存
2025-10-17 10:29:43,859 | INFO | Epoch 22 finished in 11.9s

2025-10-17 10:29:54,383 | INFO | Epoch 23 | Train Loss: 0.0711
2025-10-17 10:29:55,855 | INFO | Epoch 23 | Val Loss: 0.0660 | Val IoU: 0.8652 (77/89)
2025-10-17 10:29:55,855 | INFO | IoU未提升（当前:0.8652 最佳:0.9326），模型不保存
2025-10-17 10:29:55,856 | INFO | Epoch 23 finished in 12.0s

2025-10-17 10:30:06,478 | INFO | Epoch 24 | Train Loss: 0.0707
2025-10-17 10:30:07,933 | INFO | Epoch 24 | Val Loss: 0.0675 | Val IoU: 0.8315 (74/89)
2025-10-17 10:30:07,934 | INFO | IoU未提升（当前:0.8315 最佳:0.9326），模型不保存
2025-10-17 10:30:07,934 | INFO | Epoch 24 finished in 12.1s

2025-10-17 10:30:18,603 | INFO | Epoch 25 | Train Loss: 0.0744
2025-10-17 10:30:20,244 | INFO | Epoch 25 | Val Loss: 0.0650 | Val IoU: 0.8876 (79/89)
2025-10-17 10:30:20,244 | INFO | IoU未提升（当前:0.8876 最佳:0.9326），模型不保存
2025-10-17 10:30:20,244 | INFO | Epoch 25 finished in 12.3s

2025-10-17 10:30:30,805 | INFO | Epoch 26 | Train Loss: 0.0718
2025-10-17 10:30:32,298 | INFO | Epoch 26 | Val Loss: 0.0749 | Val IoU: 0.9213 (82/89)
2025-10-17 10:30:32,298 | INFO | IoU未提升（当前:0.9213 最佳:0.9326），模型不保存
2025-10-17 10:30:32,298 | INFO | Epoch 26 finished in 12.1s

2025-10-17 10:30:42,956 | INFO | Epoch 27 | Train Loss: 0.0723
2025-10-17 10:30:44,539 | INFO | Epoch 27 | Val Loss: 0.0636 | Val IoU: 0.8764 (78/89)
2025-10-17 10:30:44,539 | INFO | IoU未提升（当前:0.8764 最佳:0.9326），模型不保存
2025-10-17 10:30:44,539 | INFO | Epoch 27 finished in 12.2s

2025-10-17 10:30:55,145 | INFO | Epoch 28 | Train Loss: 0.0724
2025-10-17 10:30:56,710 | INFO | Epoch 28 | Val Loss: 0.0646 | Val IoU: 0.9101 (81/89)
2025-10-17 10:30:56,710 | INFO | IoU未提升（当前:0.9101 最佳:0.9326），模型不保存
2025-10-17 10:30:56,710 | INFO | Epoch 28 finished in 12.2s

2025-10-17 10:31:07,359 | INFO | Epoch 29 | Train Loss: 0.0699
2025-10-17 10:31:08,878 | INFO | Epoch 29 | Val Loss: 0.0639 | Val IoU: 0.9213 (82/89)
2025-10-17 10:31:08,878 | INFO | IoU未提升（当前:0.9213 最佳:0.9326），模型不保存
2025-10-17 10:31:08,878 | INFO | Epoch 29 finished in 12.2s

2025-10-17 10:31:19,454 | INFO | Epoch 30 | Train Loss: 0.0737
2025-10-17 10:31:20,932 | INFO | Epoch 30 | Val Loss: 0.0716 | Val IoU: 0.8427 (75/89)
2025-10-17 10:31:20,932 | INFO | IoU未提升（当前:0.8427 最佳:0.9326），模型不保存
2025-10-17 10:31:20,933 | INFO | Epoch 30 finished in 12.1s

2025-10-17 10:31:31,610 | INFO | Epoch 31 | Train Loss: 0.0705
2025-10-17 10:31:33,168 | INFO | Epoch 31 | Val Loss: 0.0687 | Val IoU: 0.8989 (80/89)
2025-10-17 10:31:33,169 | INFO | IoU未提升（当前:0.8989 最佳:0.9326），模型不保存
2025-10-17 10:31:33,169 | INFO | Epoch 31 finished in 12.2s

2025-10-17 10:31:43,841 | INFO | Epoch 32 | Train Loss: 0.0686
2025-10-17 10:31:45,391 | INFO | Epoch 32 | Val Loss: 0.0684 | Val IoU: 0.9551 (85/89)
2025-10-17 10:31:45,400 | INFO | New best IoU: 0.9551 -> saved to ./checkpoints/20251017/best_iou_0.9551.pth
2025-10-17 10:31:45,400 | INFO | Epoch 32 finished in 12.2s

2025-10-17 10:31:55,951 | INFO | Epoch 33 | Train Loss: 0.0696
2025-10-17 10:31:57,496 | INFO | Epoch 33 | Val Loss: 0.0686 | Val IoU: 0.8764 (78/89)
2025-10-17 10:31:57,496 | INFO | IoU未提升（当前:0.8764 最佳:0.9551），模型不保存
2025-10-17 10:31:57,496 | INFO | Epoch 33 finished in 12.1s

2025-10-17 10:32:08,061 | INFO | Epoch 34 | Train Loss: 0.0666
2025-10-17 10:32:09,628 | INFO | Epoch 34 | Val Loss: 0.0700 | Val IoU: 0.8989 (80/89)
2025-10-17 10:32:09,628 | INFO | IoU未提升（当前:0.8989 最佳:0.9551），模型不保存
2025-10-17 10:32:09,628 | INFO | Epoch 34 finished in 12.1s

2025-10-17 10:32:20,286 | INFO | Epoch 35 | Train Loss: 0.0709
2025-10-17 10:32:21,720 | INFO | Epoch 35 | Val Loss: 0.0693 | Val IoU: 0.8652 (77/89)
2025-10-17 10:32:21,720 | INFO | IoU未提升（当前:0.8652 最佳:0.9551），模型不保存
2025-10-17 10:32:21,720 | INFO | Epoch 35 finished in 12.1s

2025-10-17 10:32:32,370 | INFO | Epoch 36 | Train Loss: 0.0726
2025-10-17 10:32:33,923 | INFO | Epoch 36 | Val Loss: 0.0713 | Val IoU: 0.9213 (82/89)
2025-10-17 10:32:33,924 | INFO | IoU未提升（当前:0.9213 最佳:0.9551），模型不保存
2025-10-17 10:32:33,924 | INFO | Epoch 36 finished in 12.2s

2025-10-17 10:32:44,502 | INFO | Epoch 37 | Train Loss: 0.0717
2025-10-17 10:32:45,947 | INFO | Epoch 37 | Val Loss: 0.0726 | Val IoU: 0.8427 (75/89)
2025-10-17 10:32:45,947 | INFO | IoU未提升（当前:0.8427 最佳:0.9551），模型不保存
2025-10-17 10:32:45,947 | INFO | Epoch 37 finished in 12.0s

2025-10-17 10:32:56,517 | INFO | Epoch 38 | Train Loss: 0.0671
2025-10-17 10:32:58,091 | INFO | Epoch 38 | Val Loss: 0.0686 | Val IoU: 0.8989 (80/89)
2025-10-17 10:32:58,092 | INFO | IoU未提升（当前:0.8989 最佳:0.9551），模型不保存
2025-10-17 10:32:58,092 | INFO | Epoch 38 finished in 12.1s

2025-10-17 10:33:08,734 | INFO | Epoch 39 | Train Loss: 0.0695
2025-10-17 10:33:10,296 | INFO | Epoch 39 | Val Loss: 0.0583 | Val IoU: 0.9775 (87/89)
2025-10-17 10:33:10,304 | INFO | New best IoU: 0.9775 -> saved to ./checkpoints/20251017/best_iou_0.9775.pth
2025-10-17 10:33:10,305 | INFO | Epoch 39 finished in 12.2s

2025-10-17 10:33:20,906 | INFO | Epoch 40 | Train Loss: 0.0681
2025-10-17 10:33:22,404 | INFO | Epoch 40 | Val Loss: 0.0656 | Val IoU: 0.8539 (76/89)
2025-10-17 10:33:22,404 | INFO | IoU未提升（当前:0.8539 最佳:0.9775），模型不保存
2025-10-17 10:33:22,404 | INFO | Epoch 40 finished in 12.1s

2025-10-17 10:33:33,046 | INFO | Epoch 41 | Train Loss: 0.0645
2025-10-17 10:33:34,560 | INFO | Epoch 41 | Val Loss: 0.0585 | Val IoU: 0.8876 (79/89)
2025-10-17 10:33:34,560 | INFO | IoU未提升（当前:0.8876 最佳:0.9775），模型不保存
2025-10-17 10:33:34,560 | INFO | Epoch 41 finished in 12.2s

2025-10-17 10:33:45,323 | INFO | Epoch 42 | Train Loss: 0.0722
2025-10-17 10:33:46,767 | INFO | Epoch 42 | Val Loss: 0.0684 | Val IoU: 0.8652 (77/89)
2025-10-17 10:33:46,767 | INFO | IoU未提升（当前:0.8652 最佳:0.9775），模型不保存
2025-10-17 10:33:46,767 | INFO | Epoch 42 finished in 12.2s

2025-10-17 10:33:57,485 | INFO | Epoch 43 | Train Loss: 0.0679
2025-10-17 10:33:59,011 | INFO | Epoch 43 | Val Loss: 0.0610 | Val IoU: 0.9438 (84/89)
2025-10-17 10:33:59,011 | INFO | IoU未提升（当前:0.9438 最佳:0.9775），模型不保存
2025-10-17 10:33:59,011 | INFO | Epoch 43 finished in 12.2s

2025-10-17 10:34:09,530 | INFO | Epoch 44 | Train Loss: 0.0685
2025-10-17 10:34:10,991 | INFO | Epoch 44 | Val Loss: 0.0711 | Val IoU: 0.8427 (75/89)
2025-10-17 10:34:10,991 | INFO | IoU未提升（当前:0.8427 最佳:0.9775），模型不保存
2025-10-17 10:34:10,991 | INFO | Epoch 44 finished in 12.0s

2025-10-17 10:34:21,573 | INFO | Epoch 45 | Train Loss: 0.0673
2025-10-17 10:34:23,073 | INFO | Epoch 45 | Val Loss: 0.0647 | Val IoU: 0.9438 (84/89)
2025-10-17 10:34:23,074 | INFO | IoU未提升（当前:0.9438 最佳:0.9775），模型不保存
2025-10-17 10:34:23,074 | INFO | Epoch 45 finished in 12.1s

2025-10-17 10:34:33,860 | INFO | Epoch 46 | Train Loss: 0.0658
2025-10-17 10:34:35,415 | INFO | Epoch 46 | Val Loss: 0.0615 | Val IoU: 0.8989 (80/89)
2025-10-17 10:34:35,415 | INFO | IoU未提升（当前:0.8989 最佳:0.9775），模型不保存
2025-10-17 10:34:35,415 | INFO | Epoch 46 finished in 12.3s

2025-10-17 10:34:45,973 | INFO | Epoch 47 | Train Loss: 0.0681
2025-10-17 10:34:47,455 | INFO | Epoch 47 | Val Loss: 0.0665 | Val IoU: 0.8539 (76/89)
2025-10-17 10:34:47,456 | INFO | IoU未提升（当前:0.8539 最佳:0.9775），模型不保存
2025-10-17 10:34:47,456 | INFO | Epoch 47 finished in 12.0s

2025-10-17 10:34:58,205 | INFO | Epoch 48 | Train Loss: 0.0666
2025-10-17 10:34:59,752 | INFO | Epoch 48 | Val Loss: 0.0628 | Val IoU: 0.8764 (78/89)
2025-10-17 10:34:59,752 | INFO | IoU未提升（当前:0.8764 最佳:0.9775），模型不保存
2025-10-17 10:34:59,752 | INFO | Epoch 48 finished in 12.3s

2025-10-17 10:35:10,443 | INFO | Epoch 49 | Train Loss: 0.0667
2025-10-17 10:35:12,022 | INFO | Epoch 49 | Val Loss: 0.0739 | Val IoU: 0.9551 (85/89)
2025-10-17 10:35:12,022 | INFO | IoU未提升（当前:0.9551 最佳:0.9775），模型不保存
2025-10-17 10:35:12,022 | INFO | Epoch 49 finished in 12.3s

2025-10-17 10:35:22,712 | INFO | Epoch 50 | Train Loss: 0.0646
2025-10-17 10:35:24,230 | INFO | Epoch 50 | Val Loss: 0.0679 | Val IoU: 0.8764 (78/89)
2025-10-17 10:35:24,230 | INFO | IoU未提升（当前:0.8764 最佳:0.9775），模型不保存
2025-10-17 10:35:24,230 | INFO | Epoch 50 finished in 12.2s

2025-10-17 10:35:34,753 | INFO | Epoch 51 | Train Loss: 0.0660
2025-10-17 10:35:36,221 | INFO | Epoch 51 | Val Loss: 0.0717 | Val IoU: 0.8764 (78/89)
2025-10-17 10:35:36,221 | INFO | IoU未提升（当前:0.8764 最佳:0.9775），模型不保存
2025-10-17 10:35:36,221 | INFO | Epoch 51 finished in 12.0s

2025-10-17 10:35:46,887 | INFO | Epoch 52 | Train Loss: 0.0682
2025-10-17 10:35:48,455 | INFO | Epoch 52 | Val Loss: 0.0750 | Val IoU: 0.9326 (83/89)
2025-10-17 10:35:48,456 | INFO | IoU未提升（当前:0.9326 最佳:0.9775），模型不保存
2025-10-17 10:35:48,456 | INFO | Epoch 52 finished in 12.2s

2025-10-17 10:35:59,108 | INFO | Epoch 53 | Train Loss: 0.0685
2025-10-17 10:36:00,652 | INFO | Epoch 53 | Val Loss: 0.0721 | Val IoU: 0.9101 (81/89)
2025-10-17 10:36:00,652 | INFO | IoU未提升（当前:0.9101 最佳:0.9775），模型不保存
2025-10-17 10:36:00,652 | INFO | Epoch 53 finished in 12.2s

2025-10-17 10:36:11,243 | INFO | Epoch 54 | Train Loss: 0.0656
2025-10-17 10:36:12,715 | INFO | Epoch 54 | Val Loss: 0.0712 | Val IoU: 0.8876 (79/89)
2025-10-17 10:36:12,715 | INFO | IoU未提升（当前:0.8876 最佳:0.9775），模型不保存
2025-10-17 10:36:12,715 | INFO | Epoch 54 finished in 12.1s

2025-10-17 10:36:23,302 | INFO | Epoch 55 | Train Loss: 0.0619
2025-10-17 10:36:24,794 | INFO | Epoch 55 | Val Loss: 0.0684 | Val IoU: 0.9663 (86/89)
2025-10-17 10:36:24,794 | INFO | IoU未提升（当前:0.9663 最佳:0.9775），模型不保存
2025-10-17 10:36:24,794 | INFO | Epoch 55 finished in 12.1s

2025-10-17 10:36:35,353 | INFO | Epoch 56 | Train Loss: 0.0650
2025-10-17 10:36:36,839 | INFO | Epoch 56 | Val Loss: 0.0640 | Val IoU: 0.9438 (84/89)
2025-10-17 10:36:36,840 | INFO | IoU未提升（当前:0.9438 最佳:0.9775），模型不保存
2025-10-17 10:36:36,840 | INFO | Epoch 56 finished in 12.0s

2025-10-17 10:36:47,495 | INFO | Epoch 57 | Train Loss: 0.0660
2025-10-17 10:36:48,944 | INFO | Epoch 57 | Val Loss: 0.0673 | Val IoU: 0.8989 (80/89)
2025-10-17 10:36:48,944 | INFO | IoU未提升（当前:0.8989 最佳:0.9775），模型不保存
2025-10-17 10:36:48,944 | INFO | Epoch 57 finished in 12.1s

2025-10-17 10:36:59,635 | INFO | Epoch 58 | Train Loss: 0.0639
2025-10-17 10:37:01,186 | INFO | Epoch 58 | Val Loss: 0.0676 | Val IoU: 0.8989 (80/89)
2025-10-17 10:37:01,186 | INFO | IoU未提升（当前:0.8989 最佳:0.9775），模型不保存
2025-10-17 10:37:01,186 | INFO | Epoch 58 finished in 12.2s

2025-10-17 10:37:11,922 | INFO | Epoch 59 | Train Loss: 0.0650
2025-10-17 10:37:13,407 | INFO | Epoch 59 | Val Loss: 0.0598 | Val IoU: 0.9213 (82/89)
2025-10-17 10:37:13,407 | INFO | IoU未提升（当前:0.9213 最佳:0.9775），模型不保存
2025-10-17 10:37:13,407 | INFO | Epoch 59 finished in 12.2s

2025-10-17 10:37:24,010 | INFO | Epoch 60 | Train Loss: 0.0662
2025-10-17 10:37:25,542 | INFO | Epoch 60 | Val Loss: 0.0668 | Val IoU: 0.9101 (81/89)
2025-10-17 10:37:25,542 | INFO | IoU未提升（当前:0.9101 最佳:0.9775），模型不保存
2025-10-17 10:37:25,542 | INFO | Epoch 60 finished in 12.1s

2025-10-17 10:37:36,119 | INFO | Epoch 61 | Train Loss: 0.0654
2025-10-17 10:37:37,681 | INFO | Epoch 61 | Val Loss: 0.0720 | Val IoU: 0.9438 (84/89)
2025-10-17 10:37:37,682 | INFO | IoU未提升（当前:0.9438 最佳:0.9775），模型不保存
2025-10-17 10:37:37,682 | INFO | Epoch 61 finished in 12.1s

2025-10-17 10:37:48,391 | INFO | Epoch 62 | Train Loss: 0.0674
2025-10-17 10:37:49,860 | INFO | Epoch 62 | Val Loss: 0.0702 | Val IoU: 0.9326 (83/89)
2025-10-17 10:37:49,860 | INFO | IoU未提升（当前:0.9326 最佳:0.9775），模型不保存
2025-10-17 10:37:49,860 | INFO | Epoch 62 finished in 12.2s

2025-10-17 10:38:00,511 | INFO | Epoch 63 | Train Loss: 0.0666
2025-10-17 10:38:02,047 | INFO | Epoch 63 | Val Loss: 0.0609 | Val IoU: 0.9551 (85/89)
2025-10-17 10:38:02,047 | INFO | IoU未提升（当前:0.9551 最佳:0.9775），模型不保存
2025-10-17 10:38:02,048 | INFO | Epoch 63 finished in 12.2s

2025-10-17 10:38:12,616 | INFO | Epoch 64 | Train Loss: 0.0642
2025-10-17 10:38:14,164 | INFO | Epoch 64 | Val Loss: 0.0693 | Val IoU: 0.9326 (83/89)
2025-10-17 10:38:14,164 | INFO | IoU未提升（当前:0.9326 最佳:0.9775），模型不保存
2025-10-17 10:38:14,164 | INFO | Epoch 64 finished in 12.1s

2025-10-17 10:38:24,770 | INFO | Epoch 65 | Train Loss: 0.0637
2025-10-17 10:38:26,295 | INFO | Epoch 65 | Val Loss: 0.0607 | Val IoU: 0.9326 (83/89)
2025-10-17 10:38:26,295 | INFO | IoU未提升（当前:0.9326 最佳:0.9775），模型不保存
2025-10-17 10:38:26,295 | INFO | Epoch 65 finished in 12.1s

2025-10-17 10:38:36,869 | INFO | Epoch 66 | Train Loss: 0.0619
2025-10-17 10:38:38,369 | INFO | Epoch 66 | Val Loss: 0.0583 | Val IoU: 0.9213 (82/89)
2025-10-17 10:38:38,370 | INFO | IoU未提升（当前:0.9213 最佳:0.9775），模型不保存
2025-10-17 10:38:38,370 | INFO | Epoch 66 finished in 12.1s

2025-10-17 10:38:48,900 | INFO | Epoch 67 | Train Loss: 0.0654
2025-10-17 10:38:50,392 | INFO | Epoch 67 | Val Loss: 0.0668 | Val IoU: 0.9663 (86/89)
2025-10-17 10:38:50,392 | INFO | IoU未提升（当前:0.9663 最佳:0.9775），模型不保存
2025-10-17 10:38:50,392 | INFO | Epoch 67 finished in 12.0s

2025-10-17 10:39:01,048 | INFO | Epoch 68 | Train Loss: 0.0648
2025-10-17 10:39:02,599 | INFO | Epoch 68 | Val Loss: 0.0649 | Val IoU: 0.9663 (86/89)
2025-10-17 10:39:02,599 | INFO | IoU未提升（当前:0.9663 最佳:0.9775），模型不保存
2025-10-17 10:39:02,599 | INFO | Epoch 68 finished in 12.2s

2025-10-17 10:39:13,265 | INFO | Epoch 69 | Train Loss: 0.0613
2025-10-17 10:39:14,718 | INFO | Epoch 69 | Val Loss: 0.0609 | Val IoU: 0.8989 (80/89)
2025-10-17 10:39:14,718 | INFO | IoU未提升（当前:0.8989 最佳:0.9775），模型不保存
2025-10-17 10:39:14,718 | INFO | Epoch 69 finished in 12.1s

2025-10-17 10:39:25,286 | INFO | Epoch 70 | Train Loss: 0.0650
2025-10-17 10:39:26,819 | INFO | Epoch 70 | Val Loss: 0.0619 | Val IoU: 0.8989 (80/89)
2025-10-17 10:39:26,819 | INFO | IoU未提升（当前:0.8989 最佳:0.9775），模型不保存
2025-10-17 10:39:26,819 | INFO | Epoch 70 finished in 12.1s

2025-10-17 10:39:37,386 | INFO | Epoch 71 | Train Loss: 0.0653
2025-10-17 10:39:38,851 | INFO | Epoch 71 | Val Loss: 0.0609 | Val IoU: 0.9438 (84/89)
2025-10-17 10:39:38,851 | INFO | IoU未提升（当前:0.9438 最佳:0.9775），模型不保存
2025-10-17 10:39:38,851 | INFO | Epoch 71 finished in 12.0s

2025-10-17 10:39:49,467 | INFO | Epoch 72 | Train Loss: 0.0650
2025-10-17 10:39:50,959 | INFO | Epoch 72 | Val Loss: 0.0651 | Val IoU: 0.9101 (81/89)
2025-10-17 10:39:50,959 | INFO | IoU未提升（当前:0.9101 最佳:0.9775），模型不保存
2025-10-17 10:39:50,959 | INFO | Epoch 72 finished in 12.1s

2025-10-17 10:40:01,600 | INFO | Epoch 73 | Train Loss: 0.0626
2025-10-17 10:40:03,142 | INFO | Epoch 73 | Val Loss: 0.0630 | Val IoU: 0.9551 (85/89)
2025-10-17 10:40:03,142 | INFO | IoU未提升（当前:0.9551 最佳:0.9775），模型不保存
2025-10-17 10:40:03,142 | INFO | Epoch 73 finished in 12.2s

2025-10-17 10:40:13,836 | INFO | Epoch 74 | Train Loss: 0.0651
2025-10-17 10:40:15,386 | INFO | Epoch 74 | Val Loss: 0.0641 | Val IoU: 0.9551 (85/89)
2025-10-17 10:40:15,386 | INFO | IoU未提升（当前:0.9551 最佳:0.9775），模型不保存
2025-10-17 10:40:15,386 | INFO | Epoch 74 finished in 12.2s

2025-10-17 10:40:26,028 | INFO | Epoch 75 | Train Loss: 0.0617
2025-10-17 10:40:27,582 | INFO | Epoch 75 | Val Loss: 0.0648 | Val IoU: 0.9326 (83/89)
2025-10-17 10:40:27,582 | INFO | IoU未提升（当前:0.9326 最佳:0.9775），模型不保存
2025-10-17 10:40:27,582 | INFO | Epoch 75 finished in 12.2s

2025-10-17 10:40:38,154 | INFO | Epoch 76 | Train Loss: 0.0609
2025-10-17 10:40:39,753 | INFO | Epoch 76 | Val Loss: 0.0640 | Val IoU: 0.9551 (85/89)
2025-10-17 10:40:39,753 | INFO | IoU未提升（当前:0.9551 最佳:0.9775），模型不保存
2025-10-17 10:40:39,753 | INFO | Epoch 76 finished in 12.2s

2025-10-17 10:40:50,409 | INFO | Epoch 77 | Train Loss: 0.0651
2025-10-17 10:40:51,952 | INFO | Epoch 77 | Val Loss: 0.0734 | Val IoU: 0.9663 (86/89)
2025-10-17 10:40:51,952 | INFO | IoU未提升（当前:0.9663 最佳:0.9775），模型不保存
2025-10-17 10:40:51,952 | INFO | Epoch 77 finished in 12.2s

2025-10-17 10:41:02,647 | INFO | Epoch 78 | Train Loss: 0.0648
2025-10-17 10:41:04,281 | INFO | Epoch 78 | Val Loss: 0.0667 | Val IoU: 0.8989 (80/89)
2025-10-17 10:41:04,281 | INFO | IoU未提升（当前:0.8989 最佳:0.9775），模型不保存
2025-10-17 10:41:04,281 | INFO | Epoch 78 finished in 12.3s

2025-10-17 10:41:14,912 | INFO | Epoch 79 | Train Loss: 0.0639
2025-10-17 10:41:16,363 | INFO | Epoch 79 | Val Loss: 0.0687 | Val IoU: 0.8539 (76/89)
2025-10-17 10:41:16,363 | INFO | IoU未提升（当前:0.8539 最佳:0.9775），模型不保存
2025-10-17 10:41:16,363 | INFO | Epoch 79 finished in 12.1s

2025-10-17 10:41:26,995 | INFO | Epoch 80 | Train Loss: 0.0622
2025-10-17 10:41:28,501 | INFO | Epoch 80 | Val Loss: 0.0663 | Val IoU: 0.9438 (84/89)
2025-10-17 10:41:28,502 | INFO | IoU未提升（当前:0.9438 最佳:0.9775），模型不保存
2025-10-17 10:41:28,502 | INFO | Epoch 80 finished in 12.1s

2025-10-17 10:41:39,063 | INFO | Epoch 81 | Train Loss: 0.0624
2025-10-17 10:41:40,616 | INFO | Epoch 81 | Val Loss: 0.0673 | Val IoU: 0.9551 (85/89)
2025-10-17 10:41:40,616 | INFO | IoU未提升（当前:0.9551 最佳:0.9775），模型不保存
2025-10-17 10:41:40,616 | INFO | Epoch 81 finished in 12.1s

2025-10-17 10:41:51,179 | INFO | Epoch 82 | Train Loss: 0.0616
2025-10-17 10:41:52,692 | INFO | Epoch 82 | Val Loss: 0.0710 | Val IoU: 0.9213 (82/89)
2025-10-17 10:41:52,692 | INFO | IoU未提升（当前:0.9213 最佳:0.9775），模型不保存
2025-10-17 10:41:52,692 | INFO | Epoch 82 finished in 12.1s

2025-10-17 10:42:03,275 | INFO | Epoch 83 | Train Loss: 0.0670
2025-10-17 10:42:04,783 | INFO | Epoch 83 | Val Loss: 0.0641 | Val IoU: 0.8652 (77/89)
2025-10-17 10:42:04,784 | INFO | IoU未提升（当前:0.8652 最佳:0.9775），模型不保存
2025-10-17 10:42:04,784 | INFO | Epoch 83 finished in 12.1s

2025-10-17 10:42:15,386 | INFO | Epoch 84 | Train Loss: 0.0639
2025-10-17 10:42:16,866 | INFO | Epoch 84 | Val Loss: 0.0631 | Val IoU: 0.8989 (80/89)
2025-10-17 10:42:16,866 | INFO | IoU未提升（当前:0.8989 最佳:0.9775），模型不保存
2025-10-17 10:42:16,866 | INFO | Epoch 84 finished in 12.1s

2025-10-17 10:42:27,496 | INFO | Epoch 85 | Train Loss: 0.0617
2025-10-17 10:42:28,993 | INFO | Epoch 85 | Val Loss: 0.0680 | Val IoU: 0.9551 (85/89)
2025-10-17 10:42:28,993 | INFO | IoU未提升（当前:0.9551 最佳:0.9775），模型不保存
2025-10-17 10:42:28,993 | INFO | Epoch 85 finished in 12.1s

2025-10-17 10:42:39,682 | INFO | Epoch 86 | Train Loss: 0.0641
2025-10-17 10:42:41,157 | INFO | Epoch 86 | Val Loss: 0.0706 | Val IoU: 0.9101 (81/89)
2025-10-17 10:42:41,158 | INFO | IoU未提升（当前:0.9101 最佳:0.9775），模型不保存
2025-10-17 10:42:41,158 | INFO | Epoch 86 finished in 12.2s

2025-10-17 10:42:51,786 | INFO | Epoch 87 | Train Loss: 0.0631
2025-10-17 10:42:53,287 | INFO | Epoch 87 | Val Loss: 0.0706 | Val IoU: 0.9213 (82/89)
2025-10-17 10:42:53,288 | INFO | IoU未提升（当前:0.9213 最佳:0.9775），模型不保存
2025-10-17 10:42:53,288 | INFO | Epoch 87 finished in 12.1s

2025-10-17 10:43:03,931 | INFO | Epoch 88 | Train Loss: 0.0617
2025-10-17 10:43:05,410 | INFO | Epoch 88 | Val Loss: 0.0692 | Val IoU: 0.8315 (74/89)
2025-10-17 10:43:05,410 | INFO | IoU未提升（当前:0.8315 最佳:0.9775），模型不保存
2025-10-17 10:43:05,410 | INFO | Epoch 88 finished in 12.1s

2025-10-17 10:43:16,115 | INFO | Epoch 89 | Train Loss: 0.0626
2025-10-17 10:43:17,616 | INFO | Epoch 89 | Val Loss: 0.0670 | Val IoU: 0.9101 (81/89)
2025-10-17 10:43:17,616 | INFO | IoU未提升（当前:0.9101 最佳:0.9775），模型不保存
2025-10-17 10:43:17,616 | INFO | Epoch 89 finished in 12.2s

2025-10-17 10:43:28,324 | INFO | Epoch 90 | Train Loss: 0.0642
2025-10-17 10:43:29,794 | INFO | Epoch 90 | Val Loss: 0.0589 | Val IoU: 0.8202 (73/89)
2025-10-17 10:43:29,795 | INFO | IoU未提升（当前:0.8202 最佳:0.9775），模型不保存
2025-10-17 10:43:29,795 | INFO | Epoch 90 finished in 12.2s

2025-10-17 10:43:40,366 | INFO | Epoch 91 | Train Loss: 0.0599
2025-10-17 10:43:41,886 | INFO | Epoch 91 | Val Loss: 0.0668 | Val IoU: 0.9551 (85/89)
2025-10-17 10:43:41,886 | INFO | IoU未提升（当前:0.9551 最佳:0.9775），模型不保存
2025-10-17 10:43:41,886 | INFO | Epoch 91 finished in 12.1s

2025-10-17 10:43:52,385 | INFO | Epoch 92 | Train Loss: 0.0624
2025-10-17 10:43:53,897 | INFO | Epoch 92 | Val Loss: 0.0675 | Val IoU: 0.9213 (82/89)
2025-10-17 10:43:53,897 | INFO | IoU未提升（当前:0.9213 最佳:0.9775），模型不保存
2025-10-17 10:43:53,897 | INFO | Epoch 92 finished in 12.0s

2025-10-17 10:44:04,450 | INFO | Epoch 93 | Train Loss: 0.0615
2025-10-17 10:44:05,985 | INFO | Epoch 93 | Val Loss: 0.0601 | Val IoU: 0.9326 (83/89)
2025-10-17 10:44:05,986 | INFO | IoU未提升（当前:0.9326 最佳:0.9775），模型不保存
2025-10-17 10:44:05,986 | INFO | Epoch 93 finished in 12.1s

2025-10-17 10:44:16,634 | INFO | Epoch 94 | Train Loss: 0.0601
2025-10-17 10:44:18,159 | INFO | Epoch 94 | Val Loss: 0.0688 | Val IoU: 0.8876 (79/89)
2025-10-17 10:44:18,159 | INFO | IoU未提升（当前:0.8876 最佳:0.9775），模型不保存
2025-10-17 10:44:18,159 | INFO | Epoch 94 finished in 12.2s

2025-10-17 10:44:28,664 | INFO | Epoch 95 | Train Loss: 0.0605
2025-10-17 10:44:30,207 | INFO | Epoch 95 | Val Loss: 0.0636 | Val IoU: 0.9213 (82/89)
2025-10-17 10:44:30,207 | INFO | IoU未提升（当前:0.9213 最佳:0.9775），模型不保存
2025-10-17 10:44:30,207 | INFO | Epoch 95 finished in 12.0s

2025-10-17 10:44:40,914 | INFO | Epoch 96 | Train Loss: 0.0598
2025-10-17 10:44:42,438 | INFO | Epoch 96 | Val Loss: 0.0685 | Val IoU: 0.9213 (82/89)
2025-10-17 10:44:42,439 | INFO | IoU未提升（当前:0.9213 最佳:0.9775），模型不保存
2025-10-17 10:44:42,439 | INFO | Epoch 96 finished in 12.2s

2025-10-17 10:44:52,983 | INFO | Epoch 97 | Train Loss: 0.0634
2025-10-17 10:44:54,530 | INFO | Epoch 97 | Val Loss: 0.0709 | Val IoU: 0.9101 (81/89)
2025-10-17 10:44:54,531 | INFO | IoU未提升（当前:0.9101 最佳:0.9775），模型不保存
2025-10-17 10:44:54,531 | INFO | Epoch 97 finished in 12.1s

2025-10-17 10:45:05,219 | INFO | Epoch 98 | Train Loss: 0.0612
2025-10-17 10:45:06,707 | INFO | Epoch 98 | Val Loss: 0.0651 | Val IoU: 0.9438 (84/89)
2025-10-17 10:45:06,707 | INFO | IoU未提升（当前:0.9438 最佳:0.9775），模型不保存
2025-10-17 10:45:06,707 | INFO | Epoch 98 finished in 12.2s

2025-10-17 10:45:17,276 | INFO | Epoch 99 | Train Loss: 0.0614
2025-10-17 10:45:18,804 | INFO | Epoch 99 | Val Loss: 0.0683 | Val IoU: 0.9213 (82/89)
2025-10-17 10:45:18,804 | INFO | IoU未提升（当前:0.9213 最佳:0.9775），模型不保存
2025-10-17 10:45:18,804 | INFO | Epoch 99 finished in 12.1s

2025-10-17 10:45:29,312 | INFO | Epoch 100 | Train Loss: 0.0602
2025-10-17 10:45:30,796 | INFO | Epoch 100 | Val Loss: 0.0671 | Val IoU: 0.9213 (82/89)
2025-10-17 10:45:30,796 | INFO | IoU未提升（当前:0.9213 最佳:0.9775），模型不保存
2025-10-17 10:45:30,796 | INFO | Epoch 100 finished in 12.0s

2025-10-17 10:45:30,796 | INFO | 日志已转为 CSV -> ./checkpoints/20251017/train.csv
