2025-10-17 09:52:15,731 | INFO | Using device: cuda
2025-10-17 09:52:16,355 | INFO | Model built, start training...
2025-10-17 09:52:27,271 | INFO | Epoch 01 | Train Loss: 0.1657
2025-10-17 09:52:28,659 | INFO | Epoch 01 | Val Loss: 0.0884 | Val IoU: 0.4045 (36/89)
2025-10-17 09:52:28,668 | INFO | New best IoU: 0.4045 -> saved to ./checkpoints/20251017/best_iou_0.4045.pth
2025-10-17 09:52:28,668 | INFO | Epoch 01 finished in 12.3s

2025-10-17 09:52:39,272 | INFO | Epoch 02 | Train Loss: 0.0991
2025-10-17 09:52:40,678 | INFO | Epoch 02 | Val Loss: 0.0831 | Val IoU: 0.4382 (39/89)
2025-10-17 09:52:40,688 | INFO | New best IoU: 0.4382 -> saved to ./checkpoints/20251017/best_iou_0.4382.pth
2025-10-17 09:52:40,688 | INFO | Epoch 02 finished in 12.0s

2025-10-17 09:52:51,342 | INFO | Epoch 03 | Train Loss: 0.0900
2025-10-17 09:52:52,730 | INFO | Epoch 03 | Val Loss: 0.0926 | Val IoU: 0.4494 (40/89)
2025-10-17 09:52:52,740 | INFO | New best IoU: 0.4494 -> saved to ./checkpoints/20251017/best_iou_0.4494.pth
2025-10-17 09:52:52,740 | INFO | Epoch 03 finished in 12.1s

2025-10-17 09:53:03,436 | INFO | Epoch 04 | Train Loss: 0.0899
2025-10-17 09:53:04,931 | INFO | Epoch 04 | Val Loss: 0.0785 | Val IoU: 0.5169 (46/89)
2025-10-17 09:53:04,940 | INFO | New best IoU: 0.5169 -> saved to ./checkpoints/20251017/best_iou_0.5169.pth
2025-10-17 09:53:04,940 | INFO | Epoch 04 finished in 12.2s

2025-10-17 09:53:15,587 | INFO | Epoch 05 | Train Loss: 0.0902
2025-10-17 09:53:16,999 | INFO | Epoch 05 | Val Loss: 0.0895 | Val IoU: 0.4382 (39/89)
2025-10-17 09:53:16,999 | INFO | IoU未提升（当前:0.4382 最佳:0.5169），模型不保存
2025-10-17 09:53:16,999 | INFO | Epoch 05 finished in 12.1s

2025-10-17 09:53:27,689 | INFO | Epoch 06 | Train Loss: 0.0925
2025-10-17 09:53:29,091 | INFO | Epoch 06 | Val Loss: 0.0779 | Val IoU: 0.5056 (45/89)
2025-10-17 09:53:29,091 | INFO | IoU未提升（当前:0.5056 最佳:0.5169），模型不保存
2025-10-17 09:53:29,091 | INFO | Epoch 06 finished in 12.1s

2025-10-17 09:53:39,719 | INFO | Epoch 07 | Train Loss: 0.0864
2025-10-17 09:53:41,098 | INFO | Epoch 07 | Val Loss: 0.0983 | Val IoU: 0.4157 (37/89)
2025-10-17 09:53:41,098 | INFO | IoU未提升（当前:0.4157 最佳:0.5169），模型不保存
2025-10-17 09:53:41,098 | INFO | Epoch 07 finished in 12.0s

2025-10-17 09:53:51,684 | INFO | Epoch 08 | Train Loss: 0.0880
2025-10-17 09:53:53,081 | INFO | Epoch 08 | Val Loss: 0.0842 | Val IoU: 0.3933 (35/89)
2025-10-17 09:53:53,081 | INFO | IoU未提升（当前:0.3933 最佳:0.5169），模型不保存
2025-10-17 09:53:53,081 | INFO | Epoch 08 finished in 12.0s

2025-10-17 09:54:03,711 | INFO | Epoch 09 | Train Loss: 0.0871
2025-10-17 09:54:05,185 | INFO | Epoch 09 | Val Loss: 0.0757 | Val IoU: 0.6404 (57/89)
2025-10-17 09:54:05,195 | INFO | New best IoU: 0.6404 -> saved to ./checkpoints/20251017/best_iou_0.6404.pth
2025-10-17 09:54:05,195 | INFO | Epoch 09 finished in 12.1s

2025-10-17 09:54:15,845 | INFO | Epoch 10 | Train Loss: 0.0820
2025-10-17 09:54:17,266 | INFO | Epoch 10 | Val Loss: 0.0803 | Val IoU: 0.5506 (49/89)
2025-10-17 09:54:17,267 | INFO | IoU未提升（当前:0.5506 最佳:0.6404），模型不保存
2025-10-17 09:54:17,267 | INFO | Epoch 10 finished in 12.1s

2025-10-17 09:54:27,911 | INFO | Epoch 11 | Train Loss: 0.0806
2025-10-17 09:54:29,335 | INFO | Epoch 11 | Val Loss: 0.0794 | Val IoU: 0.6854 (61/89)
2025-10-17 09:54:29,345 | INFO | New best IoU: 0.6854 -> saved to ./checkpoints/20251017/best_iou_0.6854.pth
2025-10-17 09:54:29,345 | INFO | Epoch 11 finished in 12.1s

2025-10-17 09:54:40,010 | INFO | Epoch 12 | Train Loss: 0.0776
2025-10-17 09:54:41,412 | INFO | Epoch 12 | Val Loss: 0.0780 | Val IoU: 0.7303 (65/89)
2025-10-17 09:54:41,421 | INFO | New best IoU: 0.7303 -> saved to ./checkpoints/20251017/best_iou_0.7303.pth
2025-10-17 09:54:41,421 | INFO | Epoch 12 finished in 12.1s

2025-10-17 09:54:52,093 | INFO | Epoch 13 | Train Loss: 0.0820
2025-10-17 09:54:53,583 | INFO | Epoch 13 | Val Loss: 0.0729 | Val IoU: 0.7978 (71/89)
2025-10-17 09:54:53,593 | INFO | New best IoU: 0.7978 -> saved to ./checkpoints/20251017/best_iou_0.7978.pth
2025-10-17 09:54:53,593 | INFO | Epoch 13 finished in 12.2s

2025-10-17 09:55:04,338 | INFO | Epoch 14 | Train Loss: 0.0810
2025-10-17 09:55:05,815 | INFO | Epoch 14 | Val Loss: 0.0720 | Val IoU: 0.7191 (64/89)
2025-10-17 09:55:05,815 | INFO | IoU未提升（当前:0.7191 最佳:0.7978），模型不保存
2025-10-17 09:55:05,815 | INFO | Epoch 14 finished in 12.2s

2025-10-17 09:55:16,434 | INFO | Epoch 15 | Train Loss: 0.0822
2025-10-17 09:55:17,857 | INFO | Epoch 15 | Val Loss: 0.0770 | Val IoU: 0.6966 (62/89)
2025-10-17 09:55:17,857 | INFO | IoU未提升（当前:0.6966 最佳:0.7978），模型不保存
2025-10-17 09:55:17,857 | INFO | Epoch 15 finished in 12.0s

2025-10-17 09:55:28,475 | INFO | Epoch 16 | Train Loss: 0.0769
2025-10-17 09:55:29,946 | INFO | Epoch 16 | Val Loss: 0.0631 | Val IoU: 0.6742 (60/89)
2025-10-17 09:55:29,946 | INFO | IoU未提升（当前:0.6742 最佳:0.7978），模型不保存
2025-10-17 09:55:29,946 | INFO | Epoch 16 finished in 12.1s

2025-10-17 09:55:40,576 | INFO | Epoch 17 | Train Loss: 0.0838
2025-10-17 09:55:42,031 | INFO | Epoch 17 | Val Loss: 0.0816 | Val IoU: 0.7865 (70/89)
2025-10-17 09:55:42,031 | INFO | IoU未提升（当前:0.7865 最佳:0.7978），模型不保存
2025-10-17 09:55:42,031 | INFO | Epoch 17 finished in 12.1s

2025-10-17 09:55:52,592 | INFO | Epoch 18 | Train Loss: 0.0816
2025-10-17 09:55:54,028 | INFO | Epoch 18 | Val Loss: 0.0666 | Val IoU: 0.7865 (70/89)
2025-10-17 09:55:54,029 | INFO | IoU未提升（当前:0.7865 最佳:0.7978），模型不保存
2025-10-17 09:55:54,029 | INFO | Epoch 18 finished in 12.0s

2025-10-17 09:56:04,644 | INFO | Epoch 19 | Train Loss: 0.0755
2025-10-17 09:56:06,163 | INFO | Epoch 19 | Val Loss: 0.0681 | Val IoU: 0.8315 (74/89)
2025-10-17 09:56:06,172 | INFO | New best IoU: 0.8315 -> saved to ./checkpoints/20251017/best_iou_0.8315.pth
2025-10-17 09:56:06,172 | INFO | Epoch 19 finished in 12.1s

2025-10-17 09:56:16,985 | INFO | Epoch 20 | Train Loss: 0.0750
2025-10-17 09:56:18,529 | INFO | Epoch 20 | Val Loss: 0.0702 | Val IoU: 0.8202 (73/89)
2025-10-17 09:56:18,529 | INFO | IoU未提升（当前:0.8202 最佳:0.8315），模型不保存
2025-10-17 09:56:18,529 | INFO | Epoch 20 finished in 12.4s

2025-10-17 09:56:29,079 | INFO | Epoch 21 | Train Loss: 0.0767
2025-10-17 09:56:30,606 | INFO | Epoch 21 | Val Loss: 0.0635 | Val IoU: 0.8315 (74/89)
2025-10-17 09:56:30,606 | INFO | IoU未提升（当前:0.8315 最佳:0.8315），模型不保存
2025-10-17 09:56:30,606 | INFO | Epoch 21 finished in 12.1s

2025-10-17 09:56:41,255 | INFO | Epoch 22 | Train Loss: 0.0761
2025-10-17 09:56:42,732 | INFO | Epoch 22 | Val Loss: 0.0707 | Val IoU: 0.8427 (75/89)
2025-10-17 09:56:42,741 | INFO | New best IoU: 0.8427 -> saved to ./checkpoints/20251017/best_iou_0.8427.pth
2025-10-17 09:56:42,742 | INFO | Epoch 22 finished in 12.1s

2025-10-17 09:56:53,294 | INFO | Epoch 23 | Train Loss: 0.0747
2025-10-17 09:56:54,752 | INFO | Epoch 23 | Val Loss: 0.0735 | Val IoU: 0.8427 (75/89)
2025-10-17 09:56:54,752 | INFO | IoU未提升（当前:0.8427 最佳:0.8427），模型不保存
2025-10-17 09:56:54,752 | INFO | Epoch 23 finished in 12.0s

2025-10-17 09:57:05,462 | INFO | Epoch 24 | Train Loss: 0.0736
2025-10-17 09:57:06,943 | INFO | Epoch 24 | Val Loss: 0.0734 | Val IoU: 0.9101 (81/89)
2025-10-17 09:57:06,953 | INFO | New best IoU: 0.9101 -> saved to ./checkpoints/20251017/best_iou_0.9101.pth
2025-10-17 09:57:06,953 | INFO | Epoch 24 finished in 12.2s

2025-10-17 09:57:17,630 | INFO | Epoch 25 | Train Loss: 0.0768
2025-10-17 09:57:19,090 | INFO | Epoch 25 | Val Loss: 0.0788 | Val IoU: 0.8315 (74/89)
2025-10-17 09:57:19,090 | INFO | IoU未提升（当前:0.8315 最佳:0.9101），模型不保存
2025-10-17 09:57:19,090 | INFO | Epoch 25 finished in 12.1s

2025-10-17 09:57:29,752 | INFO | Epoch 26 | Train Loss: 0.0705
2025-10-17 09:57:31,227 | INFO | Epoch 26 | Val Loss: 0.0677 | Val IoU: 0.8090 (72/89)
2025-10-17 09:57:31,227 | INFO | IoU未提升（当前:0.8090 最佳:0.9101），模型不保存
2025-10-17 09:57:31,227 | INFO | Epoch 26 finished in 12.1s

2025-10-17 09:57:41,969 | INFO | Epoch 27 | Train Loss: 0.0737
2025-10-17 09:57:43,507 | INFO | Epoch 27 | Val Loss: 0.0616 | Val IoU: 0.8989 (80/89)
2025-10-17 09:57:43,507 | INFO | IoU未提升（当前:0.8989 最佳:0.9101），模型不保存
2025-10-17 09:57:43,507 | INFO | Epoch 27 finished in 12.3s

2025-10-17 09:57:54,166 | INFO | Epoch 28 | Train Loss: 0.0719
2025-10-17 09:57:55,644 | INFO | Epoch 28 | Val Loss: 0.0730 | Val IoU: 0.8427 (75/89)
2025-10-17 09:57:55,644 | INFO | IoU未提升（当前:0.8427 最佳:0.9101），模型不保存
2025-10-17 09:57:55,644 | INFO | Epoch 28 finished in 12.1s

2025-10-17 09:58:06,408 | INFO | Epoch 29 | Train Loss: 0.0754
2025-10-17 09:58:07,902 | INFO | Epoch 29 | Val Loss: 0.0645 | Val IoU: 0.9213 (82/89)
2025-10-17 09:58:07,911 | INFO | New best IoU: 0.9213 -> saved to ./checkpoints/20251017/best_iou_0.9213.pth
2025-10-17 09:58:07,911 | INFO | Epoch 29 finished in 12.3s

2025-10-17 09:58:18,635 | INFO | Epoch 30 | Train Loss: 0.0731
2025-10-17 09:58:20,136 | INFO | Epoch 30 | Val Loss: 0.0629 | Val IoU: 0.8539 (76/89)
2025-10-17 09:58:20,137 | INFO | IoU未提升（当前:0.8539 最佳:0.9213），模型不保存
2025-10-17 09:58:20,137 | INFO | Epoch 30 finished in 12.2s

2025-10-17 09:58:30,738 | INFO | Epoch 31 | Train Loss: 0.0698
2025-10-17 09:58:32,146 | INFO | Epoch 31 | Val Loss: 0.0800 | Val IoU: 0.7865 (70/89)
2025-10-17 09:58:32,146 | INFO | IoU未提升（当前:0.7865 最佳:0.9213），模型不保存
2025-10-17 09:58:32,146 | INFO | Epoch 31 finished in 12.0s

2025-10-17 09:58:42,828 | INFO | Epoch 32 | Train Loss: 0.0745
2025-10-17 09:58:44,340 | INFO | Epoch 32 | Val Loss: 0.0789 | Val IoU: 0.8764 (78/89)
2025-10-17 09:58:44,340 | INFO | IoU未提升（当前:0.8764 最佳:0.9213），模型不保存
2025-10-17 09:58:44,340 | INFO | Epoch 32 finished in 12.2s

2025-10-17 09:58:54,968 | INFO | Epoch 33 | Train Loss: 0.0713
2025-10-17 09:58:56,501 | INFO | Epoch 33 | Val Loss: 0.0804 | Val IoU: 0.8876 (79/89)
2025-10-17 09:58:56,501 | INFO | IoU未提升（当前:0.8876 最佳:0.9213），模型不保存
2025-10-17 09:58:56,501 | INFO | Epoch 33 finished in 12.2s

2025-10-17 09:59:07,386 | INFO | Epoch 34 | Train Loss: 0.0691
2025-10-17 09:59:08,842 | INFO | Epoch 34 | Val Loss: 0.0812 | Val IoU: 0.8090 (72/89)
2025-10-17 09:59:08,842 | INFO | IoU未提升（当前:0.8090 最佳:0.9213），模型不保存
2025-10-17 09:59:08,842 | INFO | Epoch 34 finished in 12.3s

2025-10-17 09:59:19,522 | INFO | Epoch 35 | Train Loss: 0.0694
2025-10-17 09:59:20,968 | INFO | Epoch 35 | Val Loss: 0.0567 | Val IoU: 0.8764 (78/89)
2025-10-17 09:59:20,968 | INFO | IoU未提升（当前:0.8764 最佳:0.9213），模型不保存
2025-10-17 09:59:20,969 | INFO | Epoch 35 finished in 12.1s

2025-10-17 09:59:31,603 | INFO | Epoch 36 | Train Loss: 0.0670
2025-10-17 09:59:33,070 | INFO | Epoch 36 | Val Loss: 0.0814 | Val IoU: 0.8090 (72/89)
2025-10-17 09:59:33,071 | INFO | IoU未提升（当前:0.8090 最佳:0.9213），模型不保存
2025-10-17 09:59:33,071 | INFO | Epoch 36 finished in 12.1s

2025-10-17 09:59:43,719 | INFO | Epoch 37 | Train Loss: 0.0706
2025-10-17 09:59:45,192 | INFO | Epoch 37 | Val Loss: 0.0720 | Val IoU: 0.8652 (77/89)
2025-10-17 09:59:45,192 | INFO | IoU未提升（当前:0.8652 最佳:0.9213），模型不保存
2025-10-17 09:59:45,192 | INFO | Epoch 37 finished in 12.1s

2025-10-17 09:59:55,895 | INFO | Epoch 38 | Train Loss: 0.0696
2025-10-17 09:59:57,348 | INFO | Epoch 38 | Val Loss: 0.0705 | Val IoU: 0.8202 (73/89)
2025-10-17 09:59:57,348 | INFO | IoU未提升（当前:0.8202 最佳:0.9213），模型不保存
2025-10-17 09:59:57,348 | INFO | Epoch 38 finished in 12.2s

2025-10-17 10:00:07,968 | INFO | Epoch 39 | Train Loss: 0.0679
2025-10-17 10:00:09,482 | INFO | Epoch 39 | Val Loss: 0.0610 | Val IoU: 0.8989 (80/89)
2025-10-17 10:00:09,482 | INFO | IoU未提升（当前:0.8989 最佳:0.9213），模型不保存
2025-10-17 10:00:09,482 | INFO | Epoch 39 finished in 12.1s

2025-10-17 10:00:20,155 | INFO | Epoch 40 | Train Loss: 0.0718
2025-10-17 10:00:21,638 | INFO | Epoch 40 | Val Loss: 0.0708 | Val IoU: 0.9101 (81/89)
2025-10-17 10:00:21,638 | INFO | IoU未提升（当前:0.9101 最佳:0.9213），模型不保存
2025-10-17 10:00:21,638 | INFO | Epoch 40 finished in 12.2s

2025-10-17 10:00:32,268 | INFO | Epoch 41 | Train Loss: 0.0713
2025-10-17 10:00:33,774 | INFO | Epoch 41 | Val Loss: 0.0663 | Val IoU: 0.8764 (78/89)
2025-10-17 10:00:33,774 | INFO | IoU未提升（当前:0.8764 最佳:0.9213），模型不保存
2025-10-17 10:00:33,774 | INFO | Epoch 41 finished in 12.1s

2025-10-17 10:00:44,434 | INFO | Epoch 42 | Train Loss: 0.0706
2025-10-17 10:00:45,932 | INFO | Epoch 42 | Val Loss: 0.0642 | Val IoU: 0.8876 (79/89)
2025-10-17 10:00:45,932 | INFO | IoU未提升（当前:0.8876 最佳:0.9213），模型不保存
2025-10-17 10:00:45,932 | INFO | Epoch 42 finished in 12.2s

2025-10-17 10:00:56,548 | INFO | Epoch 43 | Train Loss: 0.0683
2025-10-17 10:00:58,106 | INFO | Epoch 43 | Val Loss: 0.0607 | Val IoU: 0.8652 (77/89)
2025-10-17 10:00:58,106 | INFO | IoU未提升（当前:0.8652 最佳:0.9213），模型不保存
2025-10-17 10:00:58,106 | INFO | Epoch 43 finished in 12.2s

2025-10-17 10:01:08,888 | INFO | Epoch 44 | Train Loss: 0.0720
2025-10-17 10:01:10,318 | INFO | Epoch 44 | Val Loss: 0.0634 | Val IoU: 0.8539 (76/89)
2025-10-17 10:01:10,318 | INFO | IoU未提升（当前:0.8539 最佳:0.9213），模型不保存
2025-10-17 10:01:10,318 | INFO | Epoch 44 finished in 12.2s

2025-10-17 10:01:21,012 | INFO | Epoch 45 | Train Loss: 0.0692
2025-10-17 10:01:22,571 | INFO | Epoch 45 | Val Loss: 0.0679 | Val IoU: 0.9101 (81/89)
2025-10-17 10:01:22,571 | INFO | IoU未提升（当前:0.9101 最佳:0.9213），模型不保存
2025-10-17 10:01:22,571 | INFO | Epoch 45 finished in 12.3s

2025-10-17 10:01:33,264 | INFO | Epoch 46 | Train Loss: 0.0648
2025-10-17 10:01:34,786 | INFO | Epoch 46 | Val Loss: 0.0731 | Val IoU: 0.8315 (74/89)
2025-10-17 10:01:34,787 | INFO | IoU未提升（当前:0.8315 最佳:0.9213），模型不保存
2025-10-17 10:01:34,787 | INFO | Epoch 46 finished in 12.2s

2025-10-17 10:01:45,454 | INFO | Epoch 47 | Train Loss: 0.0678
2025-10-17 10:01:47,011 | INFO | Epoch 47 | Val Loss: 0.0634 | Val IoU: 0.9326 (83/89)
2025-10-17 10:01:47,020 | INFO | New best IoU: 0.9326 -> saved to ./checkpoints/20251017/best_iou_0.9326.pth
2025-10-17 10:01:47,020 | INFO | Epoch 47 finished in 12.2s

2025-10-17 10:01:57,683 | INFO | Epoch 48 | Train Loss: 0.0681
2025-10-17 10:01:59,243 | INFO | Epoch 48 | Val Loss: 0.0700 | Val IoU: 0.9326 (83/89)
2025-10-17 10:01:59,243 | INFO | IoU未提升（当前:0.9326 最佳:0.9326），模型不保存
2025-10-17 10:01:59,243 | INFO | Epoch 48 finished in 12.2s

2025-10-17 10:02:09,947 | INFO | Epoch 49 | Train Loss: 0.0664
2025-10-17 10:02:11,417 | INFO | Epoch 49 | Val Loss: 0.0599 | Val IoU: 0.8989 (80/89)
2025-10-17 10:02:11,417 | INFO | IoU未提升（当前:0.8989 最佳:0.9326），模型不保存
2025-10-17 10:02:11,417 | INFO | Epoch 49 finished in 12.2s

2025-10-17 10:02:22,069 | INFO | Epoch 50 | Train Loss: 0.0662
2025-10-17 10:02:23,582 | INFO | Epoch 50 | Val Loss: 0.0622 | Val IoU: 0.9213 (82/89)
2025-10-17 10:02:23,582 | INFO | IoU未提升（当前:0.9213 最佳:0.9326），模型不保存
2025-10-17 10:02:23,582 | INFO | Epoch 50 finished in 12.2s

2025-10-17 10:02:34,185 | INFO | Epoch 51 | Train Loss: 0.0675
2025-10-17 10:02:35,733 | INFO | Epoch 51 | Val Loss: 0.0690 | Val IoU: 0.9101 (81/89)
2025-10-17 10:02:35,734 | INFO | IoU未提升（当前:0.9101 最佳:0.9326），模型不保存
2025-10-17 10:02:35,734 | INFO | Epoch 51 finished in 12.2s

2025-10-17 10:02:46,416 | INFO | Epoch 52 | Train Loss: 0.0666
2025-10-17 10:02:47,891 | INFO | Epoch 52 | Val Loss: 0.0685 | Val IoU: 0.9438 (84/89)
2025-10-17 10:02:47,900 | INFO | New best IoU: 0.9438 -> saved to ./checkpoints/20251017/best_iou_0.9438.pth
2025-10-17 10:02:47,900 | INFO | Epoch 52 finished in 12.2s

2025-10-17 10:02:58,595 | INFO | Epoch 53 | Train Loss: 0.0653
2025-10-17 10:03:00,059 | INFO | Epoch 53 | Val Loss: 0.0688 | Val IoU: 0.8427 (75/89)
2025-10-17 10:03:00,059 | INFO | IoU未提升（当前:0.8427 最佳:0.9438），模型不保存
2025-10-17 10:03:00,059 | INFO | Epoch 53 finished in 12.2s

2025-10-17 10:03:10,805 | INFO | Epoch 54 | Train Loss: 0.0663
2025-10-17 10:03:12,326 | INFO | Epoch 54 | Val Loss: 0.0622 | Val IoU: 0.8876 (79/89)
2025-10-17 10:03:12,327 | INFO | IoU未提升（当前:0.8876 最佳:0.9438），模型不保存
2025-10-17 10:03:12,327 | INFO | Epoch 54 finished in 12.3s

2025-10-17 10:03:22,905 | INFO | Epoch 55 | Train Loss: 0.0679
2025-10-17 10:03:24,444 | INFO | Epoch 55 | Val Loss: 0.0589 | Val IoU: 0.9213 (82/89)
2025-10-17 10:03:24,445 | INFO | IoU未提升（当前:0.9213 最佳:0.9438），模型不保存
2025-10-17 10:03:24,445 | INFO | Epoch 55 finished in 12.1s

2025-10-17 10:03:35,126 | INFO | Epoch 56 | Train Loss: 0.0691
2025-10-17 10:03:36,653 | INFO | Epoch 56 | Val Loss: 0.0589 | Val IoU: 0.8989 (80/89)
2025-10-17 10:03:36,653 | INFO | IoU未提升（当前:0.8989 最佳:0.9438），模型不保存
2025-10-17 10:03:36,653 | INFO | Epoch 56 finished in 12.2s

2025-10-17 10:03:47,282 | INFO | Epoch 57 | Train Loss: 0.0651
2025-10-17 10:03:48,771 | INFO | Epoch 57 | Val Loss: 0.0686 | Val IoU: 0.9438 (84/89)
2025-10-17 10:03:48,771 | INFO | IoU未提升（当前:0.9438 最佳:0.9438），模型不保存
2025-10-17 10:03:48,771 | INFO | Epoch 57 finished in 12.1s

2025-10-17 10:03:59,336 | INFO | Epoch 58 | Train Loss: 0.0653
2025-10-17 10:04:00,890 | INFO | Epoch 58 | Val Loss: 0.0565 | Val IoU: 0.8315 (74/89)
2025-10-17 10:04:00,890 | INFO | IoU未提升（当前:0.8315 最佳:0.9438），模型不保存
2025-10-17 10:04:00,891 | INFO | Epoch 58 finished in 12.1s

2025-10-17 10:04:11,578 | INFO | Epoch 59 | Train Loss: 0.0657
2025-10-17 10:04:13,114 | INFO | Epoch 59 | Val Loss: 0.0661 | Val IoU: 0.9213 (82/89)
2025-10-17 10:04:13,114 | INFO | IoU未提升（当前:0.9213 最佳:0.9438），模型不保存
2025-10-17 10:04:13,114 | INFO | Epoch 59 finished in 12.2s

2025-10-17 10:04:23,729 | INFO | Epoch 60 | Train Loss: 0.0664
2025-10-17 10:04:25,236 | INFO | Epoch 60 | Val Loss: 0.0663 | Val IoU: 0.8764 (78/89)
2025-10-17 10:04:25,237 | INFO | IoU未提升（当前:0.8764 最佳:0.9438），模型不保存
2025-10-17 10:04:25,237 | INFO | Epoch 60 finished in 12.1s

2025-10-17 10:04:35,984 | INFO | Epoch 61 | Train Loss: 0.0668
2025-10-17 10:04:37,456 | INFO | Epoch 61 | Val Loss: 0.0651 | Val IoU: 0.8989 (80/89)
2025-10-17 10:04:37,456 | INFO | IoU未提升（当前:0.8989 最佳:0.9438），模型不保存
2025-10-17 10:04:37,456 | INFO | Epoch 61 finished in 12.2s

2025-10-17 10:04:48,085 | INFO | Epoch 62 | Train Loss: 0.0671
2025-10-17 10:04:49,577 | INFO | Epoch 62 | Val Loss: 0.0636 | Val IoU: 0.9213 (82/89)
2025-10-17 10:04:49,577 | INFO | IoU未提升（当前:0.9213 最佳:0.9438），模型不保存
2025-10-17 10:04:49,577 | INFO | Epoch 62 finished in 12.1s

2025-10-17 10:05:00,192 | INFO | Epoch 63 | Train Loss: 0.0631
2025-10-17 10:05:01,700 | INFO | Epoch 63 | Val Loss: 0.0621 | Val IoU: 0.8876 (79/89)
2025-10-17 10:05:01,700 | INFO | IoU未提升（当前:0.8876 最佳:0.9438），模型不保存
2025-10-17 10:05:01,700 | INFO | Epoch 63 finished in 12.1s

2025-10-17 10:05:12,292 | INFO | Epoch 64 | Train Loss: 0.0648
2025-10-17 10:05:13,871 | INFO | Epoch 64 | Val Loss: 0.0618 | Val IoU: 0.9551 (85/89)
2025-10-17 10:05:13,880 | INFO | New best IoU: 0.9551 -> saved to ./checkpoints/20251017/best_iou_0.9551.pth
2025-10-17 10:05:13,880 | INFO | Epoch 64 finished in 12.2s

2025-10-17 10:05:24,462 | INFO | Epoch 65 | Train Loss: 0.0675
2025-10-17 10:05:26,015 | INFO | Epoch 65 | Val Loss: 0.0525 | Val IoU: 0.9326 (83/89)
2025-10-17 10:05:26,015 | INFO | IoU未提升（当前:0.9326 最佳:0.9551），模型不保存
2025-10-17 10:05:26,015 | INFO | Epoch 65 finished in 12.1s

2025-10-17 10:05:36,766 | INFO | Epoch 66 | Train Loss: 0.0624
2025-10-17 10:05:38,289 | INFO | Epoch 66 | Val Loss: 0.0705 | Val IoU: 0.9213 (82/89)
2025-10-17 10:05:38,289 | INFO | IoU未提升（当前:0.9213 最佳:0.9551），模型不保存
2025-10-17 10:05:38,289 | INFO | Epoch 66 finished in 12.3s

2025-10-17 10:05:48,885 | INFO | Epoch 67 | Train Loss: 0.0647
2025-10-17 10:05:50,388 | INFO | Epoch 67 | Val Loss: 0.0644 | Val IoU: 0.9213 (82/89)
2025-10-17 10:05:50,388 | INFO | IoU未提升（当前:0.9213 最佳:0.9551），模型不保存
2025-10-17 10:05:50,388 | INFO | Epoch 67 finished in 12.1s

2025-10-17 10:06:00,991 | INFO | Epoch 68 | Train Loss: 0.0647
2025-10-17 10:06:02,483 | INFO | Epoch 68 | Val Loss: 0.0754 | Val IoU: 0.9213 (82/89)
2025-10-17 10:06:02,483 | INFO | IoU未提升（当前:0.9213 最佳:0.9551），模型不保存
2025-10-17 10:06:02,483 | INFO | Epoch 68 finished in 12.1s

2025-10-17 10:06:13,163 | INFO | Epoch 69 | Train Loss: 0.0614
2025-10-17 10:06:14,640 | INFO | Epoch 69 | Val Loss: 0.0639 | Val IoU: 0.8989 (80/89)
2025-10-17 10:06:14,641 | INFO | IoU未提升（当前:0.8989 最佳:0.9551），模型不保存
2025-10-17 10:06:14,641 | INFO | Epoch 69 finished in 12.2s

2025-10-17 10:06:25,254 | INFO | Epoch 70 | Train Loss: 0.0635
2025-10-17 10:06:26,759 | INFO | Epoch 70 | Val Loss: 0.0565 | Val IoU: 0.8876 (79/89)
2025-10-17 10:06:26,759 | INFO | IoU未提升（当前:0.8876 最佳:0.9551），模型不保存
2025-10-17 10:06:26,759 | INFO | Epoch 70 finished in 12.1s

2025-10-17 10:06:37,393 | INFO | Epoch 71 | Train Loss: 0.0633
2025-10-17 10:06:38,893 | INFO | Epoch 71 | Val Loss: 0.0636 | Val IoU: 0.8876 (79/89)
2025-10-17 10:06:38,893 | INFO | IoU未提升（当前:0.8876 最佳:0.9551），模型不保存
2025-10-17 10:06:38,894 | INFO | Epoch 71 finished in 12.1s

2025-10-17 10:06:49,468 | INFO | Epoch 72 | Train Loss: 0.0637
2025-10-17 10:06:50,908 | INFO | Epoch 72 | Val Loss: 0.0740 | Val IoU: 0.8427 (75/89)
2025-10-17 10:06:50,908 | INFO | IoU未提升（当前:0.8427 最佳:0.9551），模型不保存
2025-10-17 10:06:50,908 | INFO | Epoch 72 finished in 12.0s

2025-10-17 10:07:01,609 | INFO | Epoch 73 | Train Loss: 0.0653
2025-10-17 10:07:03,111 | INFO | Epoch 73 | Val Loss: 0.0596 | Val IoU: 0.9213 (82/89)
2025-10-17 10:07:03,111 | INFO | IoU未提升（当前:0.9213 最佳:0.9551），模型不保存
2025-10-17 10:07:03,111 | INFO | Epoch 73 finished in 12.2s

2025-10-17 10:07:13,750 | INFO | Epoch 74 | Train Loss: 0.0658
2025-10-17 10:07:15,291 | INFO | Epoch 74 | Val Loss: 0.0613 | Val IoU: 0.8764 (78/89)
2025-10-17 10:07:15,291 | INFO | IoU未提升（当前:0.8764 最佳:0.9551），模型不保存
2025-10-17 10:07:15,292 | INFO | Epoch 74 finished in 12.2s

2025-10-17 10:07:25,854 | INFO | Epoch 75 | Train Loss: 0.0644
2025-10-17 10:07:27,341 | INFO | Epoch 75 | Val Loss: 0.0630 | Val IoU: 0.9438 (84/89)
2025-10-17 10:07:27,341 | INFO | IoU未提升（当前:0.9438 最佳:0.9551），模型不保存
2025-10-17 10:07:27,341 | INFO | Epoch 75 finished in 12.0s

2025-10-17 10:07:37,878 | INFO | Epoch 76 | Train Loss: 0.0642
2025-10-17 10:07:39,380 | INFO | Epoch 76 | Val Loss: 0.0639 | Val IoU: 0.9213 (82/89)
2025-10-17 10:07:39,380 | INFO | IoU未提升（当前:0.9213 最佳:0.9551），模型不保存
2025-10-17 10:07:39,380 | INFO | Epoch 76 finished in 12.0s

2025-10-17 10:07:49,960 | INFO | Epoch 77 | Train Loss: 0.0624
2025-10-17 10:07:51,447 | INFO | Epoch 77 | Val Loss: 0.0635 | Val IoU: 0.9101 (81/89)
2025-10-17 10:07:51,447 | INFO | IoU未提升（当前:0.9101 最佳:0.9551），模型不保存
2025-10-17 10:07:51,447 | INFO | Epoch 77 finished in 12.1s

2025-10-17 10:08:02,094 | INFO | Epoch 78 | Train Loss: 0.0625
2025-10-17 10:08:03,619 | INFO | Epoch 78 | Val Loss: 0.0668 | Val IoU: 0.9326 (83/89)
2025-10-17 10:08:03,619 | INFO | IoU未提升（当前:0.9326 最佳:0.9551），模型不保存
2025-10-17 10:08:03,619 | INFO | Epoch 78 finished in 12.2s

2025-10-17 10:08:14,205 | INFO | Epoch 79 | Train Loss: 0.0652
2025-10-17 10:08:15,652 | INFO | Epoch 79 | Val Loss: 0.0718 | Val IoU: 0.8427 (75/89)
2025-10-17 10:08:15,652 | INFO | IoU未提升（当前:0.8427 最佳:0.9551），模型不保存
2025-10-17 10:08:15,652 | INFO | Epoch 79 finished in 12.0s

2025-10-17 10:08:26,209 | INFO | Epoch 80 | Train Loss: 0.0649
2025-10-17 10:08:27,712 | INFO | Epoch 80 | Val Loss: 0.0673 | Val IoU: 0.9438 (84/89)
2025-10-17 10:08:27,712 | INFO | IoU未提升（当前:0.9438 最佳:0.9551），模型不保存
2025-10-17 10:08:27,712 | INFO | Epoch 80 finished in 12.1s

2025-10-17 10:08:38,355 | INFO | Epoch 81 | Train Loss: 0.0650
2025-10-17 10:08:39,825 | INFO | Epoch 81 | Val Loss: 0.0626 | Val IoU: 0.9213 (82/89)
2025-10-17 10:08:39,825 | INFO | IoU未提升（当前:0.9213 最佳:0.9551），模型不保存
2025-10-17 10:08:39,825 | INFO | Epoch 81 finished in 12.1s

2025-10-17 10:08:50,493 | INFO | Epoch 82 | Train Loss: 0.0663
2025-10-17 10:08:52,000 | INFO | Epoch 82 | Val Loss: 0.0684 | Val IoU: 0.9326 (83/89)
2025-10-17 10:08:52,000 | INFO | IoU未提升（当前:0.9326 最佳:0.9551），模型不保存
2025-10-17 10:08:52,000 | INFO | Epoch 82 finished in 12.2s

2025-10-17 10:09:02,743 | INFO | Epoch 83 | Train Loss: 0.0625
2025-10-17 10:09:04,326 | INFO | Epoch 83 | Val Loss: 0.0653 | Val IoU: 0.9551 (85/89)
2025-10-17 10:09:04,326 | INFO | IoU未提升（当前:0.9551 最佳:0.9551），模型不保存
2025-10-17 10:09:04,326 | INFO | Epoch 83 finished in 12.3s

2025-10-17 10:09:15,000 | INFO | Epoch 84 | Train Loss: 0.0617
2025-10-17 10:09:16,535 | INFO | Epoch 84 | Val Loss: 0.0593 | Val IoU: 0.9326 (83/89)
2025-10-17 10:09:16,535 | INFO | IoU未提升（当前:0.9326 最佳:0.9551），模型不保存
2025-10-17 10:09:16,535 | INFO | Epoch 84 finished in 12.2s

2025-10-17 10:09:27,184 | INFO | Epoch 85 | Train Loss: 0.0625
2025-10-17 10:09:28,702 | INFO | Epoch 85 | Val Loss: 0.0593 | Val IoU: 0.9438 (84/89)
2025-10-17 10:09:28,703 | INFO | IoU未提升（当前:0.9438 最佳:0.9551），模型不保存
2025-10-17 10:09:28,703 | INFO | Epoch 85 finished in 12.2s

2025-10-17 10:09:39,394 | INFO | Epoch 86 | Train Loss: 0.0618
2025-10-17 10:09:40,926 | INFO | Epoch 86 | Val Loss: 0.0765 | Val IoU: 0.9326 (83/89)
2025-10-17 10:09:40,926 | INFO | IoU未提升（当前:0.9326 最佳:0.9551），模型不保存
2025-10-17 10:09:40,926 | INFO | Epoch 86 finished in 12.2s

2025-10-17 10:09:51,564 | INFO | Epoch 87 | Train Loss: 0.0625
2025-10-17 10:09:53,118 | INFO | Epoch 87 | Val Loss: 0.0585 | Val IoU: 0.9551 (85/89)
2025-10-17 10:09:53,119 | INFO | IoU未提升（当前:0.9551 最佳:0.9551），模型不保存
2025-10-17 10:09:53,119 | INFO | Epoch 87 finished in 12.2s

2025-10-17 10:10:03,757 | INFO | Epoch 88 | Train Loss: 0.0624
2025-10-17 10:10:05,280 | INFO | Epoch 88 | Val Loss: 0.0655 | Val IoU: 0.9438 (84/89)
2025-10-17 10:10:05,280 | INFO | IoU未提升（当前:0.9438 最佳:0.9551），模型不保存
2025-10-17 10:10:05,280 | INFO | Epoch 88 finished in 12.2s

2025-10-17 10:10:15,995 | INFO | Epoch 89 | Train Loss: 0.0615
2025-10-17 10:10:17,515 | INFO | Epoch 89 | Val Loss: 0.0699 | Val IoU: 0.9101 (81/89)
2025-10-17 10:10:17,515 | INFO | IoU未提升（当前:0.9101 最佳:0.9551），模型不保存
2025-10-17 10:10:17,515 | INFO | Epoch 89 finished in 12.2s

2025-10-17 10:10:28,236 | INFO | Epoch 90 | Train Loss: 0.0626
2025-10-17 10:10:29,731 | INFO | Epoch 90 | Val Loss: 0.0587 | Val IoU: 0.9438 (84/89)
2025-10-17 10:10:29,731 | INFO | IoU未提升（当前:0.9438 最佳:0.9551），模型不保存
2025-10-17 10:10:29,731 | INFO | Epoch 90 finished in 12.2s

2025-10-17 10:10:40,268 | INFO | Epoch 91 | Train Loss: 0.0626
2025-10-17 10:10:41,784 | INFO | Epoch 91 | Val Loss: 0.0733 | Val IoU: 0.9213 (82/89)
2025-10-17 10:10:41,784 | INFO | IoU未提升（当前:0.9213 最佳:0.9551），模型不保存
2025-10-17 10:10:41,784 | INFO | Epoch 91 finished in 12.1s

2025-10-17 10:10:52,489 | INFO | Epoch 92 | Train Loss: 0.0609
2025-10-17 10:10:54,012 | INFO | Epoch 92 | Val Loss: 0.0672 | Val IoU: 0.9101 (81/89)
2025-10-17 10:10:54,012 | INFO | IoU未提升（当前:0.9101 最佳:0.9551），模型不保存
2025-10-17 10:10:54,012 | INFO | Epoch 92 finished in 12.2s

2025-10-17 10:11:04,758 | INFO | Epoch 93 | Train Loss: 0.0623
2025-10-17 10:11:06,225 | INFO | Epoch 93 | Val Loss: 0.0728 | Val IoU: 0.8652 (77/89)
2025-10-17 10:11:06,226 | INFO | IoU未提升（当前:0.8652 最佳:0.9551），模型不保存
2025-10-17 10:11:06,226 | INFO | Epoch 93 finished in 12.2s

2025-10-17 10:11:16,888 | INFO | Epoch 94 | Train Loss: 0.0648
2025-10-17 10:11:18,428 | INFO | Epoch 94 | Val Loss: 0.0688 | Val IoU: 0.9213 (82/89)
2025-10-17 10:11:18,428 | INFO | IoU未提升（当前:0.9213 最佳:0.9551），模型不保存
2025-10-17 10:11:18,428 | INFO | Epoch 94 finished in 12.2s

2025-10-17 10:11:29,074 | INFO | Epoch 95 | Train Loss: 0.0653
2025-10-17 10:11:30,556 | INFO | Epoch 95 | Val Loss: 0.0585 | Val IoU: 0.9326 (83/89)
2025-10-17 10:11:30,556 | INFO | IoU未提升（当前:0.9326 最佳:0.9551），模型不保存
2025-10-17 10:11:30,556 | INFO | Epoch 95 finished in 12.1s

2025-10-17 10:11:41,182 | INFO | Epoch 96 | Train Loss: 0.0610
2025-10-17 10:11:42,711 | INFO | Epoch 96 | Val Loss: 0.0672 | Val IoU: 0.8989 (80/89)
2025-10-17 10:11:42,711 | INFO | IoU未提升（当前:0.8989 最佳:0.9551），模型不保存
2025-10-17 10:11:42,711 | INFO | Epoch 96 finished in 12.2s

2025-10-17 10:11:53,209 | INFO | Epoch 97 | Train Loss: 0.0580
2025-10-17 10:11:54,783 | INFO | Epoch 97 | Val Loss: 0.0595 | Val IoU: 0.9213 (82/89)
2025-10-17 10:11:54,783 | INFO | IoU未提升（当前:0.9213 最佳:0.9551），模型不保存
2025-10-17 10:11:54,783 | INFO | Epoch 97 finished in 12.1s

2025-10-17 10:12:05,351 | INFO | Epoch 98 | Train Loss: 0.0591
2025-10-17 10:12:06,859 | INFO | Epoch 98 | Val Loss: 0.0629 | Val IoU: 0.9326 (83/89)
2025-10-17 10:12:06,859 | INFO | IoU未提升（当前:0.9326 最佳:0.9551），模型不保存
2025-10-17 10:12:06,859 | INFO | Epoch 98 finished in 12.1s

2025-10-17 10:12:17,466 | INFO | Epoch 99 | Train Loss: 0.0598
2025-10-17 10:12:18,957 | INFO | Epoch 99 | Val Loss: 0.0592 | Val IoU: 0.9438 (84/89)
2025-10-17 10:12:18,957 | INFO | IoU未提升（当前:0.9438 最佳:0.9551），模型不保存
2025-10-17 10:12:18,957 | INFO | Epoch 99 finished in 12.1s

2025-10-17 10:12:29,569 | INFO | Epoch 100 | Train Loss: 0.0631
2025-10-17 10:12:31,103 | INFO | Epoch 100 | Val Loss: 0.0668 | Val IoU: 0.9213 (82/89)
2025-10-17 10:12:31,103 | INFO | IoU未提升（当前:0.9213 最佳:0.9551），模型不保存
2025-10-17 10:12:31,103 | INFO | Epoch 100 finished in 12.1s

2025-10-17 10:12:31,103 | INFO | 日志已转为 CSV -> ./checkpoints/20251017/train.csv
